Fri Jan 25 2019 21:08:42 GMT+0330 (Iran Standard Time): GET /about 
Fri Jan 25 2019 21:08:45 GMT+0330 (Iran Standard Time): GET /about 
Fri Jan 25 2019 21:08:48 GMT+0330 (Iran Standard Time): GET / 
Fri Jan 25 2019 21:10:55 GMT+0330 (Iran Standard Time): GET / 
Fri Jan 25 2019 21:12:53 GMT+0330 (Iran Standard Time): GET / 
Fri Jan 25 2019 21:12:59 GMT+0330 (Iran Standard Time): GET /about 
Fri Jan 25 2019 21:13:25 GMT+0330 (Iran Standard Time): GET / 
Fri Jan 25 2019 21:13:31 GMT+0330 (Iran Standard Time): GET /about 
Fri Jan 25 2019 21:13:54 GMT+0330 (Iran Standard Time): GET / 
Fri Jan 25 2019 21:14:00 GMT+0330 (Iran Standard Time): GET /about 
Fri Jan 25 2019 21:16:32 GMT+0330 (Iran Standard Time): GET /about 
Fri Jan 25 2019 21:16:39 GMT+0330 (Iran Standard Time): GET /help.html 
Sat Jan 26 2019 00:55:28 GMT+0330 (Iran Standard Time): GET /help.html 
Sat Jan 26 2019 00:55:30 GMT+0330 (Iran Standard Time): GET /help.html 
Sat Jan 26 2019 00:56:11 GMT+0330 (Iran Standard Time): GET /help.html 
Sat Jan 26 2019 00:56:18 GMT+0330 (Iran Standard Time): GET / 
Sat Jan 26 2019 19:06:46 GMT+0330 (Iran Standard Time): GET /browser-sync/socket.io/ 
Sat Jan 26 2019 19:06:52 GMT+0330 (Iran Standard Time): GET /browser-sync/socket.io/ 
Sat Jan 26 2019 19:06:58 GMT+0330 (Iran Standard Time): GET /browser-sync/socket.io/ 
Sat Jan 26 2019 19:07:04 GMT+0330 (Iran Standard Time): GET /browser-sync/socket.io/ 
Sat Jan 26 2019 19:07:10 GMT+0330 (Iran Standard Time): GET /browser-sync/socket.io/ 
Sat Jan 26 2019 19:07:17 GMT+0330 (Iran Standard Time): GET /browser-sync/socket.io/ 
Sat Jan 26 2019 19:07:23 GMT+0330 (Iran Standard Time): GET /browser-sync/socket.io/ 
Sat Jan 26 2019 19:07:29 GMT+0330 (Iran Standard Time): GET /browser-sync/socket.io/ 
Sat Jan 26 2019 19:07:35 GMT+0330 (Iran Standard Time): GET /browser-sync/socket.io/ 
Sat Jan 26 2019 19:07:41 GMT+0330 (Iran Standard Time): GET /browser-sync/socket.io/ 
Sat Jan 26 2019 19:07:48 GMT+0330 (Iran Standard Time): GET /browser-sync/socket.io/ 
Sat Jan 26 2019 19:08:27 GMT+0330 (Iran Standard Time): GET /browser-sync/socket.io/ 
Sat Jan 26 2019 19:08:33 GMT+0330 (Iran Standard Time): GET /browser-sync/socket.io/ 
Sat Jan 26 2019 19:08:39 GMT+0330 (Iran Standard Time): GET /browser-sync/socket.io/ 
Sat Jan 26 2019 19:08:46 GMT+0330 (Iran Standard Time): GET /browser-sync/socket.io/ 
Sat Jan 26 2019 19:08:52 GMT+0330 (Iran Standard Time): GET /browser-sync/socket.io/ 
Sat Jan 26 2019 19:08:58 GMT+0330 (Iran Standard Time): GET /browser-sync/socket.io/ 
Sat Jan 26 2019 19:09:04 GMT+0330 (Iran Standard Time): GET /browser-sync/socket.io/ 
Sat Jan 26 2019 19:09:11 GMT+0330 (Iran Standard Time): GET /browser-sync/socket.io/ 
Sat Jan 26 2019 19:09:18 GMT+0330 (Iran Standard Time): GET /browser-sync/socket.io/ 
Sat Jan 26 2019 19:09:24 GMT+0330 (Iran Standard Time): GET /browser-sync/socket.io/ 
Sat Jan 26 2019 19:09:30 GMT+0330 (Iran Standard Time): GET /browser-sync/socket.io/ 
Sat Jan 26 2019 19:09:37 GMT+0330 (Iran Standard Time): GET /browser-sync/socket.io/ 
Sat Jan 26 2019 19:09:43 GMT+0330 (Iran Standard Time): GET /browser-sync/socket.io/ 
Sat Jan 26 2019 19:09:50 GMT+0330 (Iran Standard Time): GET /browser-sync/socket.io/ 
Sat Jan 26 2019 19:09:56 GMT+0330 (Iran Standard Time): GET /browser-sync/socket.io/ 
Sat Jan 26 2019 19:10:02 GMT+0330 (Iran Standard Time): GET /browser-sync/socket.io/ 
